<?xml version="1.0" encoding="UTF-8"?>
<testsuite name="assessment.parkinglot.service.ParkingSpotServiceTest" tests="1" skipped="0" failures="0" errors="0" timestamp="2024-02-09T11:42:05" hostname="Guillermos-MacBook-Air.local" time="0.549">
  <properties/>
  <testcase name="testGetRemainingSpotsWithVehicleType()" classname="assessment.parkinglot.service.ParkingSpotServiceTest" time="0.549"/>
  <system-out><![CDATA[]]></system-out>
  <system-err><![CDATA[]]></system-err>
</testsuite>
